[0.000][INFO]:      ChromeDriver 23.0.1240.0 /Users/ivyshushu/Documents/workspace/Test-Framework/bin/chromedriver
[0.619][FINE]:      Initializing session with capabilities {
   "browserName": "chrome",
   "chrome.switches": [  ],
   "chromeOptions": {
      "args": [  ],
      "extensions": [  ]
   },
   "platform": "ANY",
   "version": ""
}

[0.620][INFO]:      Launching chrome: /Applications/Google Chrome.app/Contents/MacOS/Google Chrome --enable-logging --log-level=1 --disable-hang-monitor --disable-prompt-on-repost --dom-automation --full-memory-crash-report --no-default-browser-check --no-first-run --disable-background-networking --disable-sync --disable-translate --disable-web-resources --safebrowsing-disable-auto-update --safebrowsing-disable-download-protection --disable-client-side-phishing-detection --disable-component-update --disable-default-apps --use-mock-keychain --ignore-certificate-errors about:blank
[1.048][INFO]:      Connected to Chrome successfully. Version: 22.0.1229.94
[1.080][FINE]:      Command received (/session/529bf3172ea9875c27a6e8443bb41da8)
[1.080][FINE]:      Command finished (/session/529bf3172ea9875c27a6e8443bb41da8) with response {
   "sessionId": "529bf3172ea9875c27a6e8443bb41da8",
   "status": 0,
   "value": {
      "acceptSslCerts": false,
      "applicationCacheEnabled": false,
      "browserConnectionEnabled": false,
      "browserName": "chrome",
      "chrome.chromedriverVersion": "23.0.1240.0",
      "chrome.nativeEvents": false,
      "cssSelectorsEnabled": true,
      "databaseEnabled": false,
      "handlesAlerts": true,
      "javascriptEnabled": true,
      "locationContextEnabled": false,
      "nativeEvents": true,
      "platform": "mac",
      "rotatable": false,
      "takesScreenshot": true,
      "version": "22.0.1229.94",
      "webStorageEnabled": true
   }
}

[1.109][FINE]:      Command received (/session/529bf3172ea9875c27a6e8443bb41da8/url) with params {
   "url": "https://www.sneakpeeq.com/"
}

[1.109][FINER]:     Waiting for all views to stop loading...
[1.109][FINER]:     Done waiting for all views to stop loading
[7.089][FINER]:     Waiting for all views to stop loading...
[7.106][FINER]:     Done waiting for all views to stop loading
[7.106][FINE]:      Command finished (/session/529bf3172ea9875c27a6e8443bb41da8/url) with response {
   "sessionId": "529bf3172ea9875c27a6e8443bb41da8",
   "status": 0,
   "value": {

   }
}

[7.109][FINE]:      Command received (/session/529bf3172ea9875c27a6e8443bb41da8/element) with params {
   "using": "class name",
   "value": "header-panel"
}

[7.109][FINER]:     Waiting for all views to stop loading...
[7.109][FINER]:     Done waiting for all views to stop loading
[7.122][FINER]:     Waiting for all views to stop loading...
[7.122][FINER]:     Done waiting for all views to stop loading
[7.122][WARNING]:   Command finished (/session/529bf3172ea9875c27a6e8443bb41da8/element) with response {
   "sessionId": "529bf3172ea9875c27a6e8443bb41da8",
   "status": 7,
   "value": {
      "message": "The element could not be found"
   }
}

[7.125][FINE]:      Command received (/session/529bf3172ea9875c27a6e8443bb41da8/element) with params {
   "using": "id",
   "value": "login-button"
}

[7.125][FINER]:     Waiting for all views to stop loading...
[7.126][FINER]:     Done waiting for all views to stop loading
[7.139][FINER]:     Waiting for all views to stop loading...
[7.140][FINER]:     Done waiting for all views to stop loading
[7.140][FINE]:      Command finished (/session/529bf3172ea9875c27a6e8443bb41da8/element) with response {
   "sessionId": "529bf3172ea9875c27a6e8443bb41da8",
   "status": 0,
   "value": {
      "ELEMENT": ":wdc:1350374667541"
   }
}

[7.144][FINE]:      Command received (/session/529bf3172ea9875c27a6e8443bb41da8/window_handle)
[7.144][FINER]:     Waiting for all views to stop loading...
[7.144][FINER]:     Done waiting for all views to stop loading
[7.144][FINER]:     Waiting for all views to stop loading...
[7.144][FINER]:     Done waiting for all views to stop loading
[7.144][FINE]:      Command finished (/session/529bf3172ea9875c27a6e8443bb41da8/window_handle) with response {
   "sessionId": "529bf3172ea9875c27a6e8443bb41da8",
   "status": 0,
   "value": "f1-2"
}

[7.146][FINE]:      Command received (/session/529bf3172ea9875c27a6e8443bb41da8/element) with params {
   "using": "id",
   "value": "login-button"
}

[7.146][FINER]:     Waiting for all views to stop loading...
[7.146][FINER]:     Done waiting for all views to stop loading
[7.149][FINER]:     Waiting for all views to stop loading...
[7.149][FINER]:     Done waiting for all views to stop loading
[7.149][FINE]:      Command finished (/session/529bf3172ea9875c27a6e8443bb41da8/element) with response {
   "sessionId": "529bf3172ea9875c27a6e8443bb41da8",
   "status": 0,
   "value": {
      "ELEMENT": ":wdc:1350374667541"
   }
}

[7.153][FINE]:      Command received (/session/529bf3172ea9875c27a6e8443bb41da8/element/:wdc:1350374667541/click) with params {
   "id": ":wdc:1350374667541"
}

[7.153][FINER]:     Waiting for all views to stop loading...
[7.159][FINER]:     Done waiting for all views to stop loading
[7.190][WARNING]:   Element's descendant would receive the click. Consider clicking the descendant instead. Descendant: <span>...</span>
[7.258][FINER]:     Waiting for all views to stop loading...
[7.782][FINER]:     Done waiting for all views to stop loading
[7.782][FINE]:      Command finished (/session/529bf3172ea9875c27a6e8443bb41da8/element/:wdc:1350374667541/click) with response {
   "sessionId": "529bf3172ea9875c27a6e8443bb41da8",
   "status": 0,
   "value": {

   }
}

[7.787][FINE]:      Command received (/session/529bf3172ea9875c27a6e8443bb41da8/timeouts/implicit_wait) with params {
   "ms": 5000
}

[7.787][FINER]:     Waiting for all views to stop loading...
[7.787][FINER]:     Done waiting for all views to stop loading
[7.787][FINER]:     Waiting for all views to stop loading...
[7.787][FINER]:     Done waiting for all views to stop loading
[7.787][FINE]:      Command finished (/session/529bf3172ea9875c27a6e8443bb41da8/timeouts/implicit_wait) with response {
   "sessionId": "529bf3172ea9875c27a6e8443bb41da8",
   "status": 0,
   "value": {

   }
}

[7.790][FINE]:      Command received (/session/529bf3172ea9875c27a6e8443bb41da8/window_handles)
[7.790][FINER]:     Waiting for all views to stop loading...
[7.790][FINER]:     Done waiting for all views to stop loading
[7.791][FINER]:     Waiting for all views to stop loading...
[7.791][FINER]:     Done waiting for all views to stop loading
[7.791][FINE]:      Command finished (/session/529bf3172ea9875c27a6e8443bb41da8/window_handles) with response {
   "sessionId": "529bf3172ea9875c27a6e8443bb41da8",
   "status": 0,
   "value": [ "f1-2", "f1-4" ]
}

[7.797][FINE]:      Command received (/session/529bf3172ea9875c27a6e8443bb41da8/window) with params {
   "name": "f1-2"
}

[7.797][FINE]:      Command finished (/session/529bf3172ea9875c27a6e8443bb41da8/window) with response {
   "sessionId": "529bf3172ea9875c27a6e8443bb41da8",
   "status": 0,
   "value": {

   }
}

[7.799][FINE]:      Command received (/session/529bf3172ea9875c27a6e8443bb41da8/title)
[7.799][FINER]:     Waiting for all views to stop loading...
[7.800][FINER]:     Done waiting for all views to stop loading
[7.815][FINER]:     Waiting for all views to stop loading...
[7.815][FINER]:     Done waiting for all views to stop loading
[7.815][FINE]:      Command finished (/session/529bf3172ea9875c27a6e8443bb41da8/title) with response {
   "sessionId": "529bf3172ea9875c27a6e8443bb41da8",
   "status": 0,
   "value": "sneakpeeq | Style, Home and Gourmet Food Discoveries You'll Love"
}

[7.818][FINE]:      Command received (/session/529bf3172ea9875c27a6e8443bb41da8/window) with params {
   "name": "f1-4"
}

[7.818][FINE]:      Command finished (/session/529bf3172ea9875c27a6e8443bb41da8/window) with response {
   "sessionId": "529bf3172ea9875c27a6e8443bb41da8",
   "status": 0,
   "value": {

   }
}

[7.820][FINE]:      Command received (/session/529bf3172ea9875c27a6e8443bb41da8/title)
[7.820][FINER]:     Waiting for all views to stop loading...
[7.822][FINER]:     Done waiting for all views to stop loading
[7.823][FINER]:     Waiting for all views to stop loading...
[7.823][FINER]:     Done waiting for all views to stop loading
[7.823][FINE]:      Command finished (/session/529bf3172ea9875c27a6e8443bb41da8/title) with response {
   "sessionId": "529bf3172ea9875c27a6e8443bb41da8",
   "status": 0,
   "value": "Log In | Facebook"
}

[7.825][FINE]:      Command received (/session/529bf3172ea9875c27a6e8443bb41da8/element) with params {
   "using": "id",
   "value": "email"
}

[7.825][FINER]:     Waiting for all views to stop loading...
[7.825][FINER]:     Done waiting for all views to stop loading
[7.838][FINER]:     Waiting for all views to stop loading...
[7.838][FINER]:     Done waiting for all views to stop loading
[7.838][FINE]:      Command finished (/session/529bf3172ea9875c27a6e8443bb41da8/element) with response {
   "sessionId": "529bf3172ea9875c27a6e8443bb41da8",
   "status": 0,
   "value": {
      "ELEMENT": ":wdc:1350374668242"
   }
}

[7.841][FINE]:      Command received (/session/529bf3172ea9875c27a6e8443bb41da8/element/:wdc:1350374668242/clear) with params {
   "id": ":wdc:1350374668242"
}

[7.841][FINER]:     Waiting for all views to stop loading...
[7.841][FINER]:     Done waiting for all views to stop loading
[7.868][FINER]:     Waiting for all views to stop loading...
[7.868][FINER]:     Done waiting for all views to stop loading
[7.868][FINE]:      Command finished (/session/529bf3172ea9875c27a6e8443bb41da8/element/:wdc:1350374668242/clear) with response {
   "sessionId": "529bf3172ea9875c27a6e8443bb41da8",
   "status": 0,
   "value": null
}

[7.870][FINE]:      Command received (/session/529bf3172ea9875c27a6e8443bb41da8/element) with params {
   "using": "id",
   "value": "email"
}

[7.870][FINER]:     Waiting for all views to stop loading...
[7.871][FINER]:     Done waiting for all views to stop loading
[7.873][FINER]:     Waiting for all views to stop loading...
[7.874][FINER]:     Done waiting for all views to stop loading
[7.874][FINE]:      Command finished (/session/529bf3172ea9875c27a6e8443bb41da8/element) with response {
   "sessionId": "529bf3172ea9875c27a6e8443bb41da8",
   "status": 0,
   "value": {
      "ELEMENT": ":wdc:1350374668242"
   }
}

[7.878][FINE]:      Command received (/session/529bf3172ea9875c27a6e8443bb41da8/element/:wdc:1350374668242/value) with params {
   "id": ":wdc:1350374668242",
   "value": [ "ivyshushu@gmail.com" ]
}

[7.878][FINER]:     Waiting for all views to stop loading...
[7.879][FINER]:     Done waiting for all views to stop loading
[8.113][FINER]:     Waiting for all views to stop loading...
[8.113][FINER]:     Done waiting for all views to stop loading
[8.113][FINE]:      Command finished (/session/529bf3172ea9875c27a6e8443bb41da8/element/:wdc:1350374668242/value) with response {
   "sessionId": "529bf3172ea9875c27a6e8443bb41da8",
   "status": 0,
   "value": {

   }
}

[8.116][FINE]:      Command received (/session/529bf3172ea9875c27a6e8443bb41da8/element) with params {
   "using": "id",
   "value": "pass"
}

[8.116][FINER]:     Waiting for all views to stop loading...
[8.116][FINER]:     Done waiting for all views to stop loading
[8.127][FINER]:     Waiting for all views to stop loading...
[8.127][FINER]:     Done waiting for all views to stop loading
[8.127][FINE]:      Command finished (/session/529bf3172ea9875c27a6e8443bb41da8/element) with response {
   "sessionId": "529bf3172ea9875c27a6e8443bb41da8",
   "status": 0,
   "value": {
      "ELEMENT": ":wdc:1350374668243"
   }
}

[8.129][FINE]:      Command received (/session/529bf3172ea9875c27a6e8443bb41da8/element/:wdc:1350374668243/clear) with params {
   "id": ":wdc:1350374668243"
}

[8.130][FINER]:     Waiting for all views to stop loading...
[8.130][FINER]:     Done waiting for all views to stop loading
[8.156][FINER]:     Waiting for all views to stop loading...
[8.156][FINER]:     Done waiting for all views to stop loading
[8.156][FINE]:      Command finished (/session/529bf3172ea9875c27a6e8443bb41da8/element/:wdc:1350374668243/clear) with response {
   "sessionId": "529bf3172ea9875c27a6e8443bb41da8",
   "status": 0,
   "value": null
}

[8.158][FINE]:      Command received (/session/529bf3172ea9875c27a6e8443bb41da8/element) with params {
   "using": "id",
   "value": "pass"
}

[8.158][FINER]:     Waiting for all views to stop loading...
[8.159][FINER]:     Done waiting for all views to stop loading
[8.161][FINER]:     Waiting for all views to stop loading...
[8.161][FINER]:     Done waiting for all views to stop loading
[8.161][FINE]:      Command finished (/session/529bf3172ea9875c27a6e8443bb41da8/element) with response {
   "sessionId": "529bf3172ea9875c27a6e8443bb41da8",
   "status": 0,
   "value": {
      "ELEMENT": ":wdc:1350374668243"
   }
}

[8.164][FINE]:      Command received (/session/529bf3172ea9875c27a6e8443bb41da8/element/:wdc:1350374668243/value) with params {
   "id": ":wdc:1350374668243",
   "value": [ "6314134223" ]
}

[8.164][FINER]:     Waiting for all views to stop loading...
[8.164][FINER]:     Done waiting for all views to stop loading
[8.256][FINER]:     Waiting for all views to stop loading...
[8.256][FINER]:     Done waiting for all views to stop loading
[8.256][FINE]:      Command finished (/session/529bf3172ea9875c27a6e8443bb41da8/element/:wdc:1350374668243/value) with response {
   "sessionId": "529bf3172ea9875c27a6e8443bb41da8",
   "status": 0,
   "value": {

   }
}

[8.259][FINE]:      Command received (/session/529bf3172ea9875c27a6e8443bb41da8/element) with params {
   "using": "id",
   "value": "loginbutton"
}

[8.259][FINER]:     Waiting for all views to stop loading...
[8.259][FINER]:     Done waiting for all views to stop loading
[8.270][FINER]:     Waiting for all views to stop loading...
[8.270][FINER]:     Done waiting for all views to stop loading
[8.270][FINE]:      Command finished (/session/529bf3172ea9875c27a6e8443bb41da8/element) with response {
   "sessionId": "529bf3172ea9875c27a6e8443bb41da8",
   "status": 0,
   "value": {
      "ELEMENT": ":wdc:1350374668244"
   }
}

[8.273][FINE]:      Command received (/session/529bf3172ea9875c27a6e8443bb41da8/element/:wdc:1350374668244/click) with params {
   "id": ":wdc:1350374668244"
}

[8.273][FINER]:     Waiting for all views to stop loading...
[8.273][FINER]:     Done waiting for all views to stop loading
[8.302][WARNING]:   Element's descendant would receive the click. Consider clicking the descendant instead. Descendant: <input value="Log In" name="login" type="submit" id="uq7m69o2">
[8.307][FINER]:     Waiting for all views to stop loading...
[9.306][FINER]:     Done waiting for all views to stop loading
[9.306][FINE]:      Command finished (/session/529bf3172ea9875c27a6e8443bb41da8/element/:wdc:1350374668244/click) with response {
   "sessionId": "529bf3172ea9875c27a6e8443bb41da8",
   "status": 0,
   "value": {

   }
}

[9.309][FINE]:      Command received (/session/529bf3172ea9875c27a6e8443bb41da8/window) with params {
   "name": "f1-2"
}

[9.315][FINE]:      Command finished (/session/529bf3172ea9875c27a6e8443bb41da8/window) with response {
   "sessionId": "529bf3172ea9875c27a6e8443bb41da8",
   "status": 0,
   "value": {

   }
}

[9.317][FINE]:      Command received (/session/529bf3172ea9875c27a6e8443bb41da8/timeouts/implicit_wait) with params {
   "ms": 10000
}

[9.317][FINER]:     Waiting for all views to stop loading...
[11.641][FINER]:    Done waiting for all views to stop loading
[11.641][FINER]:    Waiting for all views to stop loading...
[11.644][FINER]:    Done waiting for all views to stop loading
[11.644][FINE]:     Command finished (/session/529bf3172ea9875c27a6e8443bb41da8/timeouts/implicit_wait) with response {
   "sessionId": "529bf3172ea9875c27a6e8443bb41da8",
   "status": 0,
   "value": {

   }
}

[11.647][FINE]:     Command received (/session/529bf3172ea9875c27a6e8443bb41da8/element) with params {
   "using": "id",
   "value": "selector-living"
}

[11.647][FINER]:    Waiting for all views to stop loading...
[11.648][FINER]:    Done waiting for all views to stop loading
[11.659][FINER]:    Waiting for all views to stop loading...
[11.659][FINER]:    Done waiting for all views to stop loading
[11.659][FINE]:     Command finished (/session/529bf3172ea9875c27a6e8443bb41da8/element) with response {
   "sessionId": "529bf3172ea9875c27a6e8443bb41da8",
   "status": 0,
   "value": {
      "ELEMENT": ":wdc:1350374672063"
   }
}

[11.663][FINE]:     Command received (/session/529bf3172ea9875c27a6e8443bb41da8/moveto) with params {
   "element": ":wdc:1350374672063"
}

[11.663][FINER]:    Waiting for all views to stop loading...
[11.663][FINER]:    Done waiting for all views to stop loading
[11.690][FINER]:    Waiting for all views to stop loading...
[11.690][FINER]:    Done waiting for all views to stop loading
[11.690][FINE]:     Command finished (/session/529bf3172ea9875c27a6e8443bb41da8/moveto) with response {
   "sessionId": "529bf3172ea9875c27a6e8443bb41da8",
   "status": 0,
   "value": {

   }
}

[11.692][FINE]:     Command received (/session/529bf3172ea9875c27a6e8443bb41da8/moveto) with params {
   "element": ":wdc:1350374672063"
}

[11.692][FINER]:    Waiting for all views to stop loading...
[11.692][FINER]:    Done waiting for all views to stop loading
[11.780][FINER]:    Waiting for all views to stop loading...
[11.780][FINER]:    Done waiting for all views to stop loading
[11.780][FINE]:     Command finished (/session/529bf3172ea9875c27a6e8443bb41da8/moveto) with response {
   "sessionId": "529bf3172ea9875c27a6e8443bb41da8",
   "status": 0,
   "value": {

   }
}

[11.782][FINE]:     Command received (/session/529bf3172ea9875c27a6e8443bb41da8/click) with params {
   "button": 0
}

[11.782][FINER]:    Waiting for all views to stop loading...
[11.783][FINER]:    Done waiting for all views to stop loading
[11.832][FINER]:    Waiting for all views to stop loading...
[11.865][FINER]:    Done waiting for all views to stop loading
[11.865][FINE]:     Command finished (/session/529bf3172ea9875c27a6e8443bb41da8/click) with response {
   "sessionId": "529bf3172ea9875c27a6e8443bb41da8",
   "status": 0,
   "value": {

   }
}

[11.867][FINE]:     Command received (/session/529bf3172ea9875c27a6e8443bb41da8/url)
[11.867][FINER]:    Waiting for all views to stop loading...
[11.868][FINER]:    Done waiting for all views to stop loading
[11.875][FINER]:    Waiting for all views to stop loading...
[11.875][FINER]:    Done waiting for all views to stop loading
[11.875][FINE]:     Command finished (/session/529bf3172ea9875c27a6e8443bb41da8/url) with response {
   "sessionId": "529bf3172ea9875c27a6e8443bb41da8",
   "status": 0,
   "value": "https://www.sneakpeeq.com/v/LIVING"
}

[11.877][FINE]:     Command received (/session/529bf3172ea9875c27a6e8443bb41da8/title)
[11.877][FINER]:    Waiting for all views to stop loading...
[11.883][FINER]:    Done waiting for all views to stop loading
[11.887][FINER]:    Waiting for all views to stop loading...
[11.894][FINER]:    Done waiting for all views to stop loading
[11.894][FINE]:     Command finished (/session/529bf3172ea9875c27a6e8443bb41da8/title) with response {
   "sessionId": "529bf3172ea9875c27a6e8443bb41da8",
   "status": 0,
   "value": "sneakpeeq | Style, Home and Gourmet Food Discoveries You'll Love"
}

[11.896][FINE]:     Command received (/session/529bf3172ea9875c27a6e8443bb41da8/url)
[11.896][FINER]:    Waiting for all views to stop loading...
[11.896][FINER]:    Done waiting for all views to stop loading
[11.898][FINER]:    Waiting for all views to stop loading...
[11.898][FINER]:    Done waiting for all views to stop loading
[11.898][FINE]:     Command finished (/session/529bf3172ea9875c27a6e8443bb41da8/url) with response {
   "sessionId": "529bf3172ea9875c27a6e8443bb41da8",
   "status": 0,
   "value": "https://www.sneakpeeq.com/v/LIVING"
}

[11.901][FINE]:     Command received (/session/529bf3172ea9875c27a6e8443bb41da8)
[12.104][INFO]:     Chrome shutdown
